node.exe : 2026-01-10T13:40:44.731Z expo:telemetry Recording 1 event(s)
위치 줄:1 문자:1
+ & "C:\Program Files\nodejs/node.exe" "C:\Program Files\nodejs/node_mo ...
+ ~~~~~~~~~~~~~~~~~~~~~~~~~~~~~~~~~~~~~~~~~~~~~~~~~~~~~~~~~~~~~~~~~~~~~
    + CategoryInfo          : NotSpecified: (2026-01-10T13:4...ding 1 event(s):String) [], RemoteException
    + FullyQualifiedErrorId : NativeCommandError
 
2026-01-10T13:40:44.809Z expo:env C:\unheard\test-basic\.env does not exist, skipping this env file
2026-01-10T13:40:44.810Z expo:env C:\unheard\test-basic\.env.development does not exist, skipping this env file
2026-01-10T13:40:44.810Z expo:env C:\unheard\test-basic\.env.local does not exist, skipping this env file
2026-01-10T13:40:44.810Z expo:env C:\unheard\test-basic\.env.development.local does not exist, skipping this env file
2026-01-10T13:40:44.952Z expo:prebuild-config:expo-splash-screen:ios config: {
  image: './assets/images/splash-icon.png',
  imageWidth: 200,
  resizeMode: 'contain',
  backgroundColor: '#ffffff',
  dark: { backgroundColor: '#000000' }
}
The android project is malformed, project files will be cleared and reinitialized.
- Clearing android
??Cleared android code
2026-01-10T13:40:45.109Z expo:prebuild-config:expo-splash-screen:ios config: {
  image: './assets/images/splash-icon.png',
  imageWidth: 200,
  resizeMode: 'contain',
  backgroundColor: '#ffffff',
  dark: { backgroundColor: '#000000' }
}
2026-01-10T13:40:45.118Z expo:prebuild-config:expo-splash-screen:ios config: {
  image: './assets/images/splash-icon.png',
  imageWidth: 200,
  resizeMode: 'contain',
  backgroundColor: '#ffffff',
  dark: { backgroundColor: '#000000' }
}
- Creating native directory (./android)
2026-01-10T13:40:45.126Z expo:prebuild:resolveLocalTemplate Using local template from Expo package: C:\unheard\test-basic\node_modules\expo\template.tgz
