node.exe : 2026-01-10T13:19:27.422Z expo:telemetry Switching strategy from detached to instant
위치 줄:1 문자:1
+ & "C:\Program Files\nodejs/node.exe" "C:\Program Files\nodejs/node_mo ...
+ ~~~~~~~~~~~~~~~~~~~~~~~~~~~~~~~~~~~~~~~~~~~~~~~~~~~~~~~~~~~~~~~~~~~~~
    + CategoryInfo          : NotSpecified: (2026-01-10T13:1...ched to instant:String) [], RemoteException
    + FullyQualifiedErrorId : NativeCommandError
 
2026-01-10T13:19:27.569Z expo:telemetry Recording 1 event(s)
2026-01-10T13:19:28.146Z expo:env C:\unheard\test-basic\.env does not exist, skipping this env file
2026-01-10T13:19:28.146Z expo:env C:\unheard\test-basic\.env.development does not exist, skipping this env file
2026-01-10T13:19:28.146Z expo:env C:\unheard\test-basic\.env.local does not exist, skipping this env file
2026-01-10T13:19:28.147Z expo:env C:\unheard\test-basic\.env.development.local does not exist, skipping this env file
The android project is malformed, project files will be cleared and reinitialized.
- Clearing android
??Cleared android code
2026-01-10T13:19:28.367Z expo:prebuild-config:expo-splash-screen:ios config: {
  image: './assets/images/splash-icon.png',
  imageWidth: 200,
  resizeMode: 'contain',
  backgroundColor: '#ffffff',
  dark: { backgroundColor: '#000000' }
}
2026-01-10T13:19:28.412Z expo:prebuild-config:expo-splash-screen:ios config: {
  image: './assets/images/splash-icon.png',
  imageWidth: 200,
  resizeMode: 'contain',
  backgroundColor: '#ffffff',
  dark: { backgroundColor: '#000000' }
}
2026-01-10T13:19:28.431Z expo:prebuild-config:expo-splash-screen:ios config: {
  image: './assets/images/splash-icon.png',
  imageWidth: 200,
  resizeMode: 'contain',
  backgroundColor: '#ffffff',
  dark: { backgroundColor: '#000000' }
}
- Creating native directory (./android)
2026-01-10T13:19:28.442Z expo:prebuild:resolveLocalTemplate Using local template from Expo package: C:\unheard\test-basic\node_modules\expo\template.tgz
