19.0

Loading package information...                                                  
Loading local repository...                                                     
[                                       ] 3% Loading local repository...        
[                                       ] 3% Fetch remote repository...         
[=                                      ] 3% Fetch remote repository...         
[=                                      ] 4% Fetch remote repository...         
[=                                      ] 5% Fetch remote repository...         
[==                                     ] 5% Fetch remote repository...         
[==                                     ] 6% Fetch remote repository...         
[==                                     ] 7% Fetch remote repository...         
[==                                     ] 7% Computing updates...               
[===                                    ] 8% Computing updates...               
[===                                    ] 10% Computing updates...              
[===                                    ] 10% Installing Android SDK Build-Tools
[===                                    ] 10% Downloading build-tools_r33.0.2-wi
[====                                   ] 10% Downloading build-tools_r33.0.2-wi
[====                                   ] 11% Downloading build-tools_r33.0.2-wi
[====                                   ] 12% Downloading build-tools_r33.0.2-wi
[=====                                  ] 13% Downloading build-tools_r33.0.2-wi
[=====                                  ] 14% Downloading build-tools_r33.0.2-wi
[=====                                  ] 15% Downloading build-tools_r33.0.2-wi
[======                                 ] 15% Downloading build-tools_r33.0.2-wi
[======                                 ] 16% Downloading build-tools_r33.0.2-wi
[======                                 ] 17% Downloading build-tools_r33.0.2-wi
[=======                                ] 18% Downloading build-tools_r33.0.2-wi
[=======                                ] 19% Downloading build-tools_r33.0.2-wi
[=======                                ] 20% Downloading build-tools_r33.0.2-wi
[========                               ] 20% Downloading build-tools_r33.0.2-wi
[========                               ] 21% Downloading build-tools_r33.0.2-wi
[========                               ] 21% Unzipping...                      
[========                               ] 21% Unzipping... android-13/          
[========                               ] 21% Unzipping... android-13/lib/      
[========                               ] 21% Unzipping... android-13/lib64/    
[========                               ] 21% Unzipping... android-13/lld-bin/  
[========                               ] 21% Unzipping... android-13/renderscri
[========                               ] 21% Unzipping... android-13/aapt.exe  
[========                               ] 21% Unzipping... android-13/aapt2.exe 
[========                               ] 22% Unzipping... android-13/aapt2.exe 
[========                               ] 22% Unzipping... android-13/aarch64-li
[========                               ] 22% Unzipping... android-13/aidl.exe  
[========                               ] 22% Unzipping... android-13/apksigner.
[========                               ] 22% Unzipping... android-13/arm-linux-
[========                               ] 22% Unzipping... android-13/bcc_compat
[========                               ] 22% Unzipping... android-13/core-lambd
[========                               ] 22% Unzipping... android-13/d8.bat    
[========                               ] 22% Unzipping... android-13/dexdump.ex
[========                               ] 22% Unzipping... android-13/i686-linux
[========                               ] 22% Unzipping... android-13/libbcc.dll
[========                               ] 22% Unzipping... android-13/libbcinfo.
[========                               ] 22% Unzipping... android-13/libclang_a
[=========                              ] 23% Unzipping... android-13/libclang_a
[=========                              ] 24% Unzipping... android-13/libclang_a
[=========                              ] 24% Unzipping... android-13/libLLVM_an
[=========                              ] 25% Unzipping... android-13/libLLVM_an
[==========                             ] 25% Unzipping... android-13/libLLVM_an
[==========                             ] 26% Unzipping... android-13/libLLVM_an
[==========                             ] 26% Unzipping... android-13/libwinpthr
[==========                             ] 26% Unzipping... android-13/lld.exe   
[==========                             ] 26% Unzipping... android-13/llvm-rs-cc
[==========                             ] 26% Unzipping... android-13/mipsel-lin
[==========                             ] 26% Unzipping... android-13/NOTICE.txt
[==========                             ] 26% Unzipping... android-13/runtime.pr
[==========                             ] 26% Unzipping... android-13/source.pro
[==========                             ] 26% Unzipping... android-13/split-sele
[==========                             ] 26% Unzipping... android-13/x86_64-lin
[==========                             ] 26% Unzipping... android-13/zipalign.e
[==========                             ] 26% Unzipping... android-13/lib/apksig
[==========                             ] 26% Unzipping... android-13/lib/d8.jar
[==========                             ] 27% Unzipping... android-13/lib/d8.jar
[===========                            ] 28% Unzipping... android-13/lib/d8.jar
[===========                            ] 28% Unzipping... android-13/lib64/libw
[===========                            ] 28% Unzipping... android-13/lld-bin/li
[===========                            ] 28% Unzipping... android-13/lld-bin/ll
[===========                            ] 29% Unzipping... android-13/lld-bin/ll
[===========                            ] 30% Unzipping... android-13/lld-bin/ll
[============                           ] 30% Unzipping... android-13/lld-bin/ll
[============                           ] 31% Unzipping... android-13/lld-bin/ll
[============                           ] 31% Unzipping... android-13/renderscri
[============                           ] 32% Unzipping... android-13/renderscri
[=============                          ] 33% Unzipping... android-13/renderscri
[=====================                  ] 55% Unzipping... android-13/renderscri
[=====================                  ] 55% Installing Android SDK Platform 33
[=====================                  ] 55% Downloading platform-33-ext3_r03.z
[======================                 ] 55% Downloading platform-33-ext3_r03.z
[======================                 ] 56% Downloading platform-33-ext3_r03.z
[======================                 ] 57% Downloading platform-33-ext3_r03.z
[=======================                ] 58% Downloading platform-33-ext3_r03.z
[=======================                ] 59% Downloading platform-33-ext3_r03.z
[=======================                ] 60% Downloading platform-33-ext3_r03.z
[========================               ] 60% Downloading platform-33-ext3_r03.z
[========================               ] 61% Downloading platform-33-ext3_r03.z
[========================               ] 62% Downloading platform-33-ext3_r03.z
[=========================              ] 63% Downloading platform-33-ext3_r03.z
[=========================              ] 64% Downloading platform-33-ext3_r03.z
[=========================              ] 65% Downloading platform-33-ext3_r03.z
[==========================             ] 65% Downloading platform-33-ext3_r03.z
[==========================             ] 66% Downloading platform-33-ext3_r03.z
[==========================             ] 66% Unzipping... android-13/renderscri
[==========================             ] 66% Unzipping... android-13/          
[==========================             ] 66% Unzipping... android-13/android.ja
[==========================             ] 67% Unzipping... android-13/android.ja
[===========================            ] 68% Unzipping... android-13/android.ja
[===========================            ] 69% Unzipping... android-13/android.ja
[===========================            ] 70% Unzipping... android-13/android.ja
[============================           ] 70% Unzipping... android-13/android.ja
[============================           ] 70% Unzipping... android-13/optional/ 
[============================           ] 70% Unzipping... android-13/optional/a
[============================           ] 70% Unzipping... android-13/optional/l
[============================           ] 70% Unzipping... android-13/optional/o
[============================           ] 70% Unzipping... android-13/optional/a
[============================           ] 70% Unzipping... android-13/optional/o
[============================           ] 70% Unzipping... android-13/templates/
[============================           ] 71% Unzipping... android-13/templates/
[============================           ] 71% Unzipping... android-13/core-for-s
[============================           ] 71% Unzipping... android-13/build.prop
[============================           ] 71% Unzipping... android-13/android-st
[============================           ] 72% Unzipping... android-13/android-st
[============================           ] 72% Unzipping... android-13/uiautomato
[============================           ] 72% Unzipping... android-13/source.pro
[============================           ] 72% Unzipping... android-13/data/     
[============================           ] 72% Unzipping... android-13/data/servi
[============================           ] 72% Unzipping... android-13/data/NOTIC
[============================           ] 72% Unzipping... android-13/data/widge
[============================           ] 72% Unzipping... android-13/data/broad
[============================           ] 72% Unzipping... android-13/data/api-v
[============================           ] 72% Unzipping... android-13/data/featu
[============================           ] 72% Unzipping... android-13/data/annot
[============================           ] 72% Unzipping... android-13/data/res/ 
[============================           ] 72% Unzipping... android-13/data/res/v
[============================           ] 72% Unzipping... android-13/data/res/l
[============================           ] 72% Unzipping... android-13/data/res/v
[============================           ] 72% Unzipping... android-13/data/res/m
[============================           ] 72% Unzipping... android-13/data/res/v
[============================           ] 72% Unzipping... android-13/data/res/a
[============================           ] 72% Unzipping... android-13/data/res/v
[============================           ] 72% Unzipping... android-13/data/res/d
[============================           ] 72% Unzipping... android-13/data/res/v
[============================           ] 72% Unzipping... android-13/data/res/x
[============================           ] 72% Unzipping... android-13/data/res/v
[============================           ] 72% Unzipping... android-13/data/res/l
[============================           ] 72% Unzipping... android-13/data/res/v
[============================           ] 72% Unzipping... android-13/data/res/l
[============================           ] 72% Unzipping... android-13/data/res/v
[============================           ] 72% Unzipping... android-13/data/res/r
[============================           ] 72% Unzipping... android-13/data/res/v
[============================           ] 72% Unzipping... android-13/data/res/x
[============================           ] 72% Unzipping... android-13/data/res/v
[============================           ] 72% Unzipping... android-13/data/res/r
[============================           ] 72% Unzipping... android-13/data/res/v
[============================           ] 72% Unzipping... android-13/data/res/a
[============================           ] 72% Unzipping... android-13/data/res/v
[============================           ] 72% Unzipping... android-13/data/res/r
[============================           ] 72% Unzipping... android-13/data/res/v
[============================           ] 72% Unzipping... android-13/data/res/c
[============================           ] 72% Unzipping... android-13/data/res/v
[============================           ] 72% Unzipping... android-13/data/res/d
[=============================          ] 73% Unzipping... android-13/data/res/d
[=============================          ] 73% Unzipping... android-13/data/res/v
[=============================          ] 73% Unzipping... android-13/data/res/t
[=============================          ] 73% Unzipping... android-13/data/res/v
[=============================          ] 73% Unzipping... android-13/data/res/x
[=============================          ] 73% Unzipping... android-13/data/res/v
[=============================          ] 73% Unzipping... android-13/data/res/r
[=============================          ] 73% Unzipping... android-13/data/res/v
[=============================          ] 73% Unzipping... android-13/data/res/r
[=============================          ] 73% Unzipping... android-13/data/res/v
[=============================          ] 73% Unzipping... android-13/data/res/l
[=============================          ] 73% Unzipping... android-13/data/res/v
[=============================          ] 73% Unzipping... android-13/data/res/r
[=============================          ] 73% Unzipping... android-13/data/res/v
[=============================          ] 73% Unzipping... android-13/data/res/d
[=============================          ] 73% Unzipping... android-13/data/res/v
[=============================          ] 73% Unzipping... android-13/data/res/d
[=============================          ] 73% Unzipping... android-13/data/res/v
[=============================          ] 74% Unzipping... android-13/data/res/v
[=============================          ] 74% Unzipping... android-13/data/res/r
[=============================          ] 74% Unzipping... android-13/data/res/v
[=============================          ] 74% Unzipping... android-13/data/res/r
[=============================          ] 74% Unzipping... android-13/data/res/v
[=============================          ] 74% Unzipping... android-13/data/res/m
[=============================          ] 74% Unzipping... android-13/data/res/v
[=============================          ] 74% Unzipping... android-13/data/res/r
[=============================          ] 74% Unzipping... android-13/data/res/v
[=============================          ] 74% Unzipping... android-13/data/res/c
[=============================          ] 74% Unzipping... android-13/data/res/v
[=============================          ] 74% Unzipping... android-13/data/res/r
[=============================          ] 74% Unzipping... android-13/data/res/v
[=============================          ] 74% Unzipping... android-13/data/res/r
[=============================          ] 74% Unzipping... android-13/data/res/x
[=============================          ] 74% Unzipping... android-13/data/res/v
[=============================          ] 74% Unzipping... android-13/data/res/d
[=============================          ] 74% Unzipping... android-13/data/res/v
[=============================          ] 74% Unzipping... android-13/data/res/r
[=============================          ] 74% Unzipping... android-13/data/res/v
[=============================          ] 74% Unzipping... android-13/data/res/c
[=============================          ] 74% Unzipping... android-13/data/res/v
[=============================          ] 74% Unzipping... android-13/data/res/m
[=============================          ] 74% Unzipping... android-13/data/res/v
[=============================          ] 74% Unzipping... android-13/data/res/r
[=============================          ] 74% Unzipping... android-13/data/res/v
[=============================          ] 74% Unzipping... android-13/data/res/r
[=============================          ] 74% Unzipping... android-13/data/res/v
[=============================          ] 74% Unzipping... android-13/data/res/i
[=============================          ] 74% Unzipping... android-13/data/res/v
[=============================          ] 74% Unzipping... android-13/data/res/d
[=============================          ] 74% Unzipping... android-13/data/res/v
[=============================          ] 74% Unzipping... android-13/data/res/m
[=============================          ] 74% Unzipping... android-13/data/res/v
[=============================          ] 74% Unzipping... android-13/data/res/d
[=============================          ] 74% Unzipping... android-13/data/res/v
[=============================          ] 74% Unzipping... android-13/data/res/d
[=============================          ] 74% Unzipping... android-13/data/res/v
[=============================          ] 74% Unzipping... android-13/data/res/d
[=============================          ] 74% Unzipping... android-13/data/res/v
[=============================          ] 74% Unzipping... android-13/data/res/d
[=============================          ] 75% Unzipping... android-13/data/res/d
[==============================         ] 75% Unzipping... android-13/data/res/d
[==============================         ] 75% Unzipping... android-13/data/res/v
[==============================         ] 75% Unzipping... android-13/data/res/d
[==============================         ] 75% Unzipping... android-13/data/res/v
[==============================         ] 75% Unzipping... android-13/data/res/d
[==============================         ] 75% Unzipping... android-13/data/res/v
[==============================         ] 75% Unzipping... android-13/data/res/x
[==============================         ] 75% Unzipping... android-13/data/res/v
[==============================         ] 75% Unzipping... android-13/data/res/d
[==============================         ] 75% Unzipping... android-13/data/res/v
[==============================         ] 75% Unzipping... android-13/data/res/d
[==============================         ] 75% Unzipping... android-13/data/res/v
[==============================         ] 75% Unzipping... android-13/data/res/a
[==============================         ] 75% Unzipping... android-13/data/res/v
[==============================         ] 76% Unzipping... android-13/data/res/v
[==============================         ] 76% Unzipping... android-13/data/res/r
[==============================         ] 76% Unzipping... android-13/data/res/v
[==============================         ] 76% Unzipping... android-13/data/res/m
[==============================         ] 76% Unzipping... android-13/data/res/x
[==============================         ] 76% Unzipping... android-13/data/res/v
[==============================         ] 76% Unzipping... android-13/data/res/a
[==============================         ] 76% Unzipping... android-13/data/res/v
[==============================         ] 76% Unzipping... android-13/data/res/i
[==============================         ] 76% Unzipping... android-13/data/res/v
[==============================         ] 76% Unzipping... android-13/data/res/r
[==============================         ] 76% Unzipping... android-13/data/res/v
[==============================         ] 76% Unzipping... android-13/data/res/r
[==============================         ] 76% Unzipping... android-13/data/res/v
[==============================         ] 76% Unzipping... android-13/data/res/r
[==============================         ] 76% Unzipping... android-13/data/res/v
[==============================         ] 76% Unzipping... android-13/data/res/l
[==============================         ] 76% Unzipping... android-13/data/res/v
[==============================         ] 76% Unzipping... android-13/data/res/l
[==============================         ] 76% Unzipping... android-13/data/res/v
[==============================         ] 76% Unzipping... android-13/data/res/d
[==============================         ] 76% Unzipping... android-13/data/res/v
[==============================         ] 76% Unzipping... android-13/data/res/l
[==============================         ] 76% Unzipping... android-13/data/res/v
[==============================         ] 76% Unzipping... android-13/data/res/m
[==============================         ] 76% Unzipping... android-13/data/res/v
[==============================         ] 76% Unzipping... android-13/data/res/r
[==============================         ] 76% Unzipping... android-13/data/res/v
[==============================         ] 76% Unzipping... android-13/data/res/d
[==============================         ] 76% Unzipping... android-13/data/res/v
[==============================         ] 76% Unzipping... android-13/data/res/l
[==============================         ] 76% Unzipping... android-13/data/res/v
[==============================         ] 76% Unzipping... android-13/data/res/l
[==============================         ] 76% Unzipping... android-13/data/res/v
[==============================         ] 76% Unzipping... android-13/data/res/d
[==============================         ] 76% Unzipping... android-13/data/res/v
[==============================         ] 76% Unzipping... android-13/data/res/l
[==============================         ] 76% Unzipping... android-13/data/res/v
[==============================         ] 76% Unzipping... android-13/data/res/c
[==============================         ] 76% Unzipping... android-13/data/res/v
[==============================         ] 76% Unzipping... android-13/data/res/r
[==============================         ] 76% Unzipping... android-13/data/res/v
[==============================         ] 76% Unzipping... android-13/data/res/d
[==============================         ] 76% Unzipping... android-13/data/res/v
[==============================         ] 76% Unzipping... android-13/data/res/m
[==============================         ] 76% Unzipping... android-13/data/res/v
[==============================         ] 76% Unzipping... android-13/data/res/d
[==============================         ] 76% Unzipping... android-13/data/res/v
[==============================         ] 76% Unzipping... android-13/data/res/m
[==============================         ] 76% Unzipping... android-13/data/res/v
[==============================         ] 76% Unzipping... android-13/data/res/r
[==============================         ] 76% Unzipping... android-13/data/res/l
[==============================         ] 76% Unzipping... android-13/data/res/v
[==============================         ] 76% Unzipping... android-13/data/res/r
[==============================         ] 76% Unzipping... android-13/data/res/v
[==============================         ] 76% Unzipping... android-13/data/res/d
[==============================         ] 77% Unzipping... android-13/data/res/d
[==============================         ] 77% Unzipping... android-13/data/res/v
[==============================         ] 77% Unzipping... android-13/data/res/r
[==============================         ] 77% Unzipping... android-13/data/res/v
[==============================         ] 77% Unzipping... android-13/data/res/d
[==============================         ] 77% Unzipping... android-13/data/res/v
[==============================         ] 77% Unzipping... android-13/data/res/d
[==============================         ] 77% Unzipping... android-13/data/res/v
[==============================         ] 77% Unzipping... android-13/data/categ
[==============================         ] 77% Unzipping... android-13/data/activ
[==============================         ] 77% Unzipping... android-13/sdk.proper
[==============================         ] 77% Unzipping... android-13/skins/    
[==============================         ] 77% Unzipping... android-13/skins/WXGA
[==============================         ] 77% Unzipping... android-13/skins/WQVG
[==============================         ] 77% Unzipping... android-13/skins/NOTI
[==============================         ] 77% Unzipping... android-13/skins/HVGA
[==============================         ] 77% Unzipping... android-13/skins/WVGA
[==============================         ] 77% Unzipping... android-13/skins/WQVG
[==============================         ] 77% Unzipping... android-13/skins/WVGA
[==============================         ] 77% Unzipping... android-13/skins/QVGA
[==============================         ] 77% Unzipping... android-13/skins/WXGA
[==============================         ] 77% Unzipping... android-13/skins/WSVG
[==============================         ] 77% Unzipping... android-13/skins/WXGA
[==============================         ] 77% Unzipping... android-13/framework.
[==============================         ] 78% Unzipping... android-13/framework.
[=======================================] 100% Unzipping... android-13/framework


